<?xml version="1.0" encoding="UTF-8"?>
<testsuite xmlns:xsi="http://www.w3.org/2001/XMLSchema-instance" xsi:noNamespaceSchemaLocation="https://maven.apache.org/surefire/maven-surefire-plugin/xsd/surefire-test-report.xsd" name="com.mycompany.ut5_pd1.TArbolGenericoTest" time="0.098" tests="12" errors="0" skipped="0" failures="0">
  <properties>
[...]
</properties>
  <testcase name="testInsertarArbolConElementos" classname="com.mycompany.ut5_pd1.TArbolGenericoTest" time="0.055"/>
  <testcase name="testBuscarArbolVacio" classname="com.mycompany.ut5_pd1.TArbolGenericoTest" time="0.002"/>
  <testcase name="testListarIdentadoArbolConElementos" classname="com.mycompany.ut5_pd1.TArbolGenericoTest" time="0.001"/>
  <testcase name="testInsertarArbolConElementosYNuevaEtiquetaPadre" classname="com.mycompany.ut5_pd1.TArbolGenericoTest" time="0.002"/>
  <testcase name="testBuscarArbolInmutado" classname="com.mycompany.ut5_pd1.TArbolGenericoTest" time="0.002"/>
  <testcase name="testBuscarArbolConElementosPeroSinEtiqueta" classname="com.mycompany.ut5_pd1.TArbolGenericoTest" time="0.002"/>
  <testcase name="testListarIdentadoArbolInmutado" classname="com.mycompany.ut5_pd1.TArbolGenericoTest" time="0.002"/>
  <testcase name="testInsertarArbolConElementosYConEtiquetaYaPresente" classname="com.mycompany.ut5_pd1.TArbolGenericoTest" time="0.002"/>
  <testcase name="testListarIdentadoArbolVacio" classname="com.mycompany.ut5_pd1.TArbolGenericoTest" time="0.002"/>
  <testcase name="testInsertarArbolVacioYSinEtiquetaPadre" classname="com.mycompany.ut5_pd1.TArbolGenericoTest" time="0.002"/>
  <testcase name="testInsertarArbolVacioYConEtiquetaPadre" classname="com.mycompany.ut5_pd1.TArbolGenericoTest" time="0.002"/>
  <testcase name="testBuscarArbolConElementosYEtiqueta" classname="com.mycompany.ut5_pd1.TArbolGenericoTest" time="0.001"/>
</testsuite>